TN:
SF:static/js/checkout.js
FN:2,validateShippingForm
FN:7,(anonymous_1)
FN:19,showSection
FN:21,(anonymous_3)
FN:30,updateOrderTotal
FN:36,initializePaymentElement
FN:44,(anonymous_6)
FN:57,(anonymous_7)
FNF:8
FNH:6
FNDA:4,validateShippingForm
FNDA:28,(anonymous_1)
FNDA:3,showSection
FNDA:9,(anonymous_3)
FNDA:1,updateOrderTotal
FNDA:3,initializePaymentElement
FNDA:0,(anonymous_6)
FNDA:0,(anonymous_7)
DA:3,4
DA:4,4
DA:5,4
DA:7,4
DA:8,28
DA:9,1
DA:10,1
DA:12,27
DA:16,4
DA:20,3
DA:21,3
DA:22,9
DA:23,3
DA:25,6
DA:31,1
DA:33,1
DA:37,3
DA:38,3
DA:39,3
DA:40,3
DA:44,1
DA:45,0
DA:46,0
DA:47,0
DA:51,0
DA:52,0
DA:53,0
DA:57,0
DA:58,0
DA:59,0
DA:61,0
DA:62,0
DA:70,0
DA:71,0
DA:73,0
DA:76,0
LF:36
LH:21
BRDA:8,0,0,1
BRDA:8,0,1,27
BRDA:22,1,0,3
BRDA:22,1,1,6
BRDA:46,2,0,0
BRDA:46,2,1,0
BRDA:52,3,0,0
BRDA:52,3,1,0
BRDA:71,4,0,0
BRDA:71,4,1,0
BRF:10
BRH:4
end_of_record
TN:
SF:static/js/community.js
FN:3,(anonymous_0)
FN:6,(anonymous_1)
FN:13,(anonymous_2)
FN:29,(anonymous_3)
FN:30,(anonymous_4)
FN:37,(anonymous_5)
FN:45,(anonymous_6)
FN:46,(anonymous_7)
FN:54,(anonymous_8)
FN:55,(anonymous_9)
FN:66,(anonymous_10)
FN:74,(anonymous_11)
FN:75,(anonymous_12)
FN:92,(anonymous_13)
FN:93,(anonymous_14)
FN:100,(anonymous_15)
FN:108,(anonymous_16)
FN:109,(anonymous_17)
FN:117,(anonymous_18)
FN:118,(anonymous_19)
FN:129,(anonymous_20)
FN:137,(anonymous_21)
FN:138,(anonymous_22)
FN:147,(anonymous_23)
FN:148,(anonymous_24)
FN:155,(anonymous_25)
FN:164,(anonymous_26)
FN:165,(anonymous_27)
FN:174,(anonymous_28)
FN:175,(anonymous_29)
FN:182,(anonymous_30)
FN:191,(anonymous_31)
FN:192,(anonymous_32)
FN:200,(anonymous_33)
FN:201,(anonymous_34)
FN:208,(anonymous_35)
FN:216,(anonymous_36)
FN:217,(anonymous_37)
FN:225,(anonymous_38)
FN:226,(anonymous_39)
FN:233,(anonymous_40)
FNF:41
FNH:33
FNDA:20,(anonymous_0)
FNDA:20,(anonymous_1)
FNDA:3,(anonymous_2)
FNDA:2,(anonymous_3)
FNDA:2,(anonymous_4)
FNDA:0,(anonymous_5)
FNDA:20,(anonymous_6)
FNDA:2,(anonymous_7)
FNDA:2,(anonymous_8)
FNDA:2,(anonymous_9)
FNDA:0,(anonymous_10)
FNDA:20,(anonymous_11)
FNDA:3,(anonymous_12)
FNDA:2,(anonymous_13)
FNDA:2,(anonymous_14)
FNDA:0,(anonymous_15)
FNDA:20,(anonymous_16)
FNDA:2,(anonymous_17)
FNDA:2,(anonymous_18)
FNDA:2,(anonymous_19)
FNDA:0,(anonymous_20)
FNDA:20,(anonymous_21)
FNDA:3,(anonymous_22)
FNDA:2,(anonymous_23)
FNDA:2,(anonymous_24)
FNDA:0,(anonymous_25)
FNDA:20,(anonymous_26)
FNDA:3,(anonymous_27)
FNDA:2,(anonymous_28)
FNDA:2,(anonymous_29)
FNDA:0,(anonymous_30)
FNDA:20,(anonymous_31)
FNDA:2,(anonymous_32)
FNDA:2,(anonymous_33)
FNDA:2,(anonymous_34)
FNDA:0,(anonymous_35)
FNDA:20,(anonymous_36)
FNDA:2,(anonymous_37)
FNDA:2,(anonymous_38)
FNDA:2,(anonymous_39)
FNDA:0,(anonymous_40)
DA:3,1
DA:5,20
DA:6,20
DA:7,20
DA:11,20
DA:12,20
DA:13,20
DA:14,3
DA:15,3
DA:16,3
DA:17,1
DA:18,1
DA:20,2
DA:22,2
DA:29,2
DA:31,2
DA:32,2
DA:34,0
DA:38,0
DA:39,0
DA:45,20
DA:46,20
DA:47,2
DA:48,2
DA:54,2
DA:56,2
DA:57,1
DA:58,1
DA:59,1
DA:61,1
DA:63,1
DA:67,0
DA:68,0
DA:74,20
DA:75,20
DA:76,3
DA:77,3
DA:78,3
DA:79,1
DA:80,1
DA:82,2
DA:83,2
DA:85,2
DA:92,2
DA:94,2
DA:95,2
DA:97,0
DA:101,0
DA:102,0
DA:108,20
DA:109,20
DA:110,2
DA:111,2
DA:117,2
DA:119,2
DA:120,1
DA:121,1
DA:122,1
DA:124,1
DA:126,1
DA:130,0
DA:131,0
DA:137,20
DA:138,20
DA:139,3
DA:140,2
DA:141,2
DA:147,2
DA:149,2
DA:150,1
DA:152,1
DA:156,0
DA:157,0
DA:164,20
DA:165,20
DA:166,3
DA:167,2
DA:168,2
DA:174,2
DA:176,2
DA:177,1
DA:179,1
DA:183,0
DA:184,0
DA:191,20
DA:192,20
DA:193,2
DA:194,2
DA:200,2
DA:202,2
DA:203,1
DA:205,1
DA:209,0
DA:210,0
DA:216,20
DA:217,20
DA:218,2
DA:219,2
DA:225,2
DA:227,2
DA:228,1
DA:230,1
DA:234,0
DA:235,0
LF:104
LH:86
BRDA:12,0,0,20
BRDA:12,0,1,0
BRDA:16,1,0,1
BRDA:16,1,1,2
BRDA:31,2,0,2
BRDA:31,2,1,0
BRDA:56,3,0,1
BRDA:56,3,1,1
BRDA:58,4,0,1
BRDA:58,4,1,0
BRDA:59,5,0,1
BRDA:59,5,1,0
BRDA:78,6,0,1
BRDA:78,6,1,2
BRDA:94,7,0,2
BRDA:94,7,1,0
BRDA:119,8,0,1
BRDA:119,8,1,1
BRDA:121,9,0,1
BRDA:121,9,1,0
BRDA:122,10,0,1
BRDA:122,10,1,0
BRDA:139,11,0,2
BRDA:139,11,1,1
BRDA:149,12,0,1
BRDA:149,12,1,1
BRDA:166,13,0,2
BRDA:166,13,1,1
BRDA:176,14,0,1
BRDA:176,14,1,1
BRDA:202,15,0,1
BRDA:202,15,1,1
BRDA:227,16,0,1
BRDA:227,16,1,1
BRF:34
BRH:27
end_of_record
