TN:
SF:static/js/checkout.js
FN:6,validateShippingForm
FN:13,(anonymous_1)
FN:25,showSection
FN:27,(anonymous_3)
FN:36,updateOrderTotal
FN:44,initializePaymentElement
FN:52,(anonymous_6)
FN:60,(anonymous_7)
FN:65,(anonymous_8)
FNF:9
FNH:6
FNDA:4,validateShippingForm
FNDA:28,(anonymous_1)
FNDA:3,showSection
FNDA:9,(anonymous_3)
FNDA:1,updateOrderTotal
FNDA:3,initializePaymentElement
FNDA:0,(anonymous_6)
FNDA:0,(anonymous_7)
FNDA:0,(anonymous_8)
DA:7,4
DA:8,4
DA:10,4
DA:11,4
DA:13,4
DA:14,28
DA:15,1
DA:16,1
DA:18,27
DA:22,4
DA:26,3
DA:27,3
DA:28,9
DA:29,3
DA:31,6
DA:37,1
DA:38,1
DA:39,1
DA:45,3
DA:46,3
DA:47,3
DA:48,3
DA:52,1
DA:53,0
DA:54,0
DA:55,0
DA:59,0
DA:60,0
DA:61,0
DA:65,0
DA:66,0
DA:68,0
DA:69,0
DA:70,0
DA:73,0
DA:75,0
DA:76,0
DA:84,0
DA:85,0
DA:86,0
DA:89,0
DA:92,0
LF:42
LH:23
BRDA:8,0,0,0
BRDA:8,0,1,4
BRDA:14,1,0,1
BRDA:14,1,1,27
BRDA:28,2,0,3
BRDA:28,2,1,6
BRDA:38,3,0,1
BRDA:38,3,1,0
BRDA:54,4,0,0
BRDA:54,4,1,0
BRDA:68,5,0,0
BRDA:68,5,1,0
BRDA:85,6,0,0
BRDA:85,6,1,0
BRF:14
BRH:6
end_of_record
TN:
SF:static/js/community.js
FN:3,(anonymous_0)
FN:6,(anonymous_1)
FN:9,(anonymous_2)
FN:16,(anonymous_3)
FN:32,(anonymous_4)
FN:33,(anonymous_5)
FN:40,(anonymous_6)
FN:48,(anonymous_7)
FN:49,(anonymous_8)
FN:57,(anonymous_9)
FN:58,(anonymous_10)
FN:69,(anonymous_11)
FN:77,(anonymous_12)
FN:78,(anonymous_13)
FN:95,(anonymous_14)
FN:96,(anonymous_15)
FN:103,(anonymous_16)
FN:111,(anonymous_17)
FN:112,(anonymous_18)
FN:120,(anonymous_19)
FN:121,(anonymous_20)
FN:132,(anonymous_21)
FN:140,(anonymous_22)
FN:141,(anonymous_23)
FN:150,(anonymous_24)
FN:151,(anonymous_25)
FN:158,(anonymous_26)
FN:167,(anonymous_27)
FN:168,(anonymous_28)
FN:177,(anonymous_29)
FN:178,(anonymous_30)
FN:185,(anonymous_31)
FN:194,(anonymous_32)
FN:195,(anonymous_33)
FN:203,(anonymous_34)
FN:204,(anonymous_35)
FN:211,(anonymous_36)
FN:219,(anonymous_37)
FN:220,(anonymous_38)
FN:228,(anonymous_39)
FN:229,(anonymous_40)
FN:236,(anonymous_41)
FNF:42
FNH:25
FNDA:1,(anonymous_0)
FNDA:11,(anonymous_1)
FNDA:0,(anonymous_2)
FNDA:3,(anonymous_3)
FNDA:2,(anonymous_4)
FNDA:2,(anonymous_5)
FNDA:0,(anonymous_6)
FNDA:11,(anonymous_7)
FNDA:2,(anonymous_8)
FNDA:2,(anonymous_9)
FNDA:2,(anonymous_10)
FNDA:0,(anonymous_11)
FNDA:11,(anonymous_12)
FNDA:2,(anonymous_13)
FNDA:1,(anonymous_14)
FNDA:1,(anonymous_15)
FNDA:0,(anonymous_16)
FNDA:11,(anonymous_17)
FNDA:1,(anonymous_18)
FNDA:1,(anonymous_19)
FNDA:1,(anonymous_20)
FNDA:0,(anonymous_21)
FNDA:11,(anonymous_22)
FNDA:2,(anonymous_23)
FNDA:1,(anonymous_24)
FNDA:1,(anonymous_25)
FNDA:0,(anonymous_26)
FNDA:11,(anonymous_27)
FNDA:1,(anonymous_28)
FNDA:1,(anonymous_29)
FNDA:1,(anonymous_30)
FNDA:0,(anonymous_31)
FNDA:0,(anonymous_32)
FNDA:0,(anonymous_33)
FNDA:0,(anonymous_34)
FNDA:0,(anonymous_35)
FNDA:0,(anonymous_36)
FNDA:0,(anonymous_37)
FNDA:0,(anonymous_38)
FNDA:0,(anonymous_39)
FNDA:0,(anonymous_40)
FNDA:0,(anonymous_41)
DA:3,1
DA:6,1
DA:8,11
DA:9,11
DA:10,0
DA:14,11
DA:15,11
DA:16,11
DA:17,3
DA:18,3
DA:19,3
DA:20,1
DA:21,1
DA:23,2
DA:25,2
DA:32,2
DA:34,2
DA:35,1
DA:37,1
DA:41,0
DA:42,0
DA:48,11
DA:49,11
DA:50,2
DA:51,2
DA:57,2
DA:59,2
DA:60,1
DA:61,1
DA:62,1
DA:64,1
DA:66,1
DA:70,0
DA:71,0
DA:77,11
DA:78,11
DA:79,2
DA:80,2
DA:81,2
DA:82,1
DA:83,1
DA:85,1
DA:86,1
DA:88,1
DA:95,1
DA:97,1
DA:98,1
DA:100,0
DA:104,0
DA:105,0
DA:111,11
DA:112,11
DA:113,1
DA:114,1
DA:120,1
DA:122,1
DA:123,1
DA:124,1
DA:125,1
DA:127,1
DA:129,0
DA:133,0
DA:134,0
DA:140,11
DA:141,11
DA:142,2
DA:143,1
DA:144,1
DA:150,1
DA:152,1
DA:153,1
DA:155,0
DA:159,0
DA:160,0
DA:167,11
DA:168,11
DA:169,1
DA:170,1
DA:171,1
DA:177,1
DA:179,1
DA:180,1
DA:182,0
DA:186,0
DA:187,0
DA:194,11
DA:195,0
DA:196,0
DA:197,0
DA:203,0
DA:205,0
DA:206,0
DA:208,0
DA:212,0
DA:213,0
DA:219,11
DA:220,0
DA:221,0
DA:222,0
DA:228,0
DA:230,0
DA:231,0
DA:233,0
DA:237,0
DA:238,0
LF:105
LH:70
BRDA:15,0,0,11
BRDA:15,0,1,0
BRDA:19,1,0,1
BRDA:19,1,1,2
BRDA:34,2,0,1
BRDA:34,2,1,1
BRDA:59,3,0,1
BRDA:59,3,1,1
BRDA:61,4,0,1
BRDA:61,4,1,0
BRDA:62,5,0,0
BRDA:62,5,1,1
BRDA:81,6,0,1
BRDA:81,6,1,1
BRDA:97,7,0,1
BRDA:97,7,1,0
BRDA:122,8,0,1
BRDA:122,8,1,0
BRDA:124,9,0,1
BRDA:124,9,1,0
BRDA:125,10,0,0
BRDA:125,10,1,1
BRDA:142,11,0,1
BRDA:142,11,1,1
BRDA:152,12,0,1
BRDA:152,12,1,0
BRDA:169,13,0,1
BRDA:169,13,1,0
BRDA:179,14,0,1
BRDA:179,14,1,0
BRDA:205,15,0,0
BRDA:205,15,1,0
BRDA:230,16,0,0
BRDA:230,16,1,0
BRF:34
BRH:20
end_of_record
